E:\设计\2021\人体行为分析\TARGETTRACK\DEBUG\TARGETTRACK.EXE
E:\设计\2021\人体行为分析\TARGETTRACK\DEBUG\TARGETTRACK.ILK
E:\设计\2021\人体行为分析\TARGETTRACK\DEBUG\TARGETTRACK.PDB
E:\设计\2021\人体行为分析\targettrack\targettrack\Debug\cl.command.1.tlog
E:\设计\2021\人体行为分析\targettrack\targettrack\Debug\CL.read.1.tlog
E:\设计\2021\人体行为分析\targettrack\targettrack\Debug\CL.write.1.tlog
E:\设计\2021\人体行为分析\targettrack\targettrack\Debug\link.18092.read.1.tlog
E:\设计\2021\人体行为分析\targettrack\targettrack\Debug\link.18092.write.1.tlog
E:\设计\2021\人体行为分析\targettrack\targettrack\Debug\link.18092-cvtres.read.1.tlog
E:\设计\2021\人体行为分析\targettrack\targettrack\Debug\link.18092-cvtres.write.1.tlog
E:\设计\2021\人体行为分析\targettrack\targettrack\Debug\link.command.1.tlog
E:\设计\2021\人体行为分析\targettrack\targettrack\Debug\link.read.1.tlog
E:\设计\2021\人体行为分析\targettrack\targettrack\Debug\link.write.1.tlog
E:\设计\2021\人体行为分析\targettrack\targettrack\Debug\link-cvtres.read.1.tlog
E:\设计\2021\人体行为分析\targettrack\targettrack\Debug\link-cvtres.write.1.tlog
E:\设计\2021\人体行为分析\targettrack\targettrack\Debug\msado15.tlh
E:\设计\2021\人体行为分析\targettrack\targettrack\Debug\msado15.tli
E:\设计\2021\人体行为分析\targettrack\targettrack\Debug\mt.command.1.tlog
E:\设计\2021\人体行为分析\targettrack\targettrack\Debug\mt.read.1.tlog
E:\设计\2021\人体行为分析\targettrack\targettrack\Debug\mt.write.1.tlog
E:\设计\2021\人体行为分析\TARGETTRACK\TARGETTRACK\DEBUG\MYBACKGROUND.OBJ
E:\设计\2021\人体行为分析\targettrack\targettrack\Debug\rc.command.1.tlog
E:\设计\2021\人体行为分析\targettrack\targettrack\Debug\rc.read.1.tlog
E:\设计\2021\人体行为分析\targettrack\targettrack\Debug\rc.write.1.tlog
E:\设计\2021\人体行为分析\TARGETTRACK\TARGETTRACK\DEBUG\STATECOUNT.OBJ
E:\设计\2021\人体行为分析\TARGETTRACK\TARGETTRACK\DEBUG\STDAFX.OBJ
E:\设计\2021\人体行为分析\TARGETTRACK\TARGETTRACK\DEBUG\TARGETTRACK.EXE.EMBED.MANIFEST
E:\设计\2021\人体行为分析\TARGETTRACK\TARGETTRACK\DEBUG\TARGETTRACK.EXE.EMBED.MANIFEST.RES
E:\设计\2021\人体行为分析\TARGETTRACK\TARGETTRACK\DEBUG\TARGETTRACK.EXE.INTERMEDIATE.MANIFEST
E:\设计\2021\人体行为分析\TARGETTRACK\TARGETTRACK\DEBUG\TARGETTRACK.OBJ
E:\设计\2021\人体行为分析\TARGETTRACK\TARGETTRACK\DEBUG\TARGETTRACK.PCH
E:\设计\2021\人体行为分析\TARGETTRACK\TARGETTRACK\DEBUG\TARGETTRACK.RES
E:\设计\2021\人体行为分析\targettrack\targettrack\Debug\targettrack.write.1.tlog
E:\设计\2021\人体行为分析\targettrack\targettrack\Debug\targettrack_manifest.rc
E:\设计\2021\人体行为分析\TARGETTRACK\TARGETTRACK\DEBUG\TARGETTRACKDLG.OBJ
E:\设计\2021\人体行为分析\targettrack\targettrack\Debug\vc100.idb
E:\设计\2021\人体行为分析\TARGETTRACK\TARGETTRACK\DEBUG\VC100.PDB
